<?xml version="1.0" encoding="UTF-8"?>
<testsuite name="com.reclamation.test.SalvageAlgorithmTest" tests="4" skipped="0" failures="0" errors="0" timestamp="2026-09-23T22:31:34.988Z" hostname="RHOSERVER" time="0.031">
  <properties/>
  <testcase name="testMaterialCategoryRecoverability()" classname="com.reclamation.test.SalvageAlgorithmTest" time="0.014"/>
  <testcase name="testStatefulAccumulationConsistency()" classname="com.reclamation.test.SalvageAlgorithmTest" time="0.001"/>
  <testcase name="testTierEfficienciesNeverReachHundredPercent()" classname="com.reclamation.test.SalvageAlgorithmTest" time="0.007"/>
  <testcase name="testMonteCarloConvergence10000Runs()" classname="com.reclamation.test.SalvageAlgorithmTest" time="0.007"/>
  <system-out><![CDATA[[MECHANICAL] Expected: 0.7000 | Observed: 0.6999 | Total Recovered: 6999 / 10000 | Scrap: 876
[PRECISION] Expected: 0.8500 | Observed: 0.8500 | Total Recovered: 8500 / 10000 | Scrap: 233
[INDUSTRIAL] Expected: 0.9400 | Observed: 0.9400 | Total Recovered: 9400 / 10000 | Scrap: 30
[ADVANCED] Expected: 0.9800 | Observed: 0.9800 | Total Recovered: 9800 / 10000 | Scrap: 4
]]></system-out>
  <system-err><![CDATA[]]></system-err>
</testsuite>
